<?xml version="1.0" encoding="UTF-8"?>
<testsuite name="TestCases" tests="2" skipped="0" failures="0" errors="0" timestamp="2021-08-27T17:21:49" hostname="Mohammads-MBP-4" time="5.008">
  <properties/>
  <testcase name="negativeTestCase()" classname="TestCases" time="3.096"/>
  <testcase name="positiveTestCase()" classname="TestCases" time="1.911"/>
  <system-out><![CDATA[]]></system-out>
  <system-err><![CDATA[]]></system-err>
</testsuite>
